
> personal_stylist@0.1.0 build
> next build

   ▲ Next.js 16.0.10 (Turbopack)
   - Environments: .env.local

   Creating an optimized production build ...
(node:2320) [MODULE_TYPELESS_PACKAGE_JSON] Warning: Module type of file:///C:/Users/X2/Side%20projects/personal_stylist/tailwind.config.ts?id=1765934564342 is not specified and it doesn't parse as CommonJS.
Reparsing as ES module because module syntax was detected. This incurs a performance overhead.
To eliminate this warning, add "type": "module" to C:\Users\X2\Side projects\personal_stylist\package.json.
(Use `node --trace-warnings ...` to show where the warning was created)
 ✓ Compiled successfully in 2.1s
   Running TypeScript ...
Failed to compile.

./src/app/onboarding/page.tsx:65:21
Type error: Argument of type '{ name: string; gender: string; location: string; height: string; weight: string; bodyShape: string; fitPreference: string; skinTone: string; eyeColor: string; hairColor: string; lifestyle: { work: boolean; casual: boolean; event: boolean; active: boolean; }; archetypes: string[]; brands: string | string[]; priceRan...' is not assignable to parameter of type 'Partial<{ name: string; gender: string; location: string; height: string; weight: string; bodyShape: string; fitPreference: string; skinTone: string; eyeColor: string; hairColor: string; lifestyle: { work: boolean; casual: boolean; event: boolean; active: boolean; }; archetypes: string[]; brands: string[]; priceRang...'.
  Types of property 'brands' are incompatible.
    Type 'string | string[]' is not assignable to type 'string[] | undefined'.
      Type 'string' is not assignable to type 'string[]'.

[0m [90m 63 |[39m
 [90m 64 |[39m         [90m// Persist data[39m
[31m[1m>[22m[39m[90m 65 |[39m         saveProfile(formData)[33m;[39m
 [90m    |[39m                     [31m[1m^[22m[39m
 [90m 66 |[39m
 [90m 67 |[39m         router[33m.[39mpush([32m"/wardrobe"[39m)[33m;[39m
 [90m 68 |[39m     }[33m;[39m[0m
Next.js build worker exited with code: 1 and signal: null
